<?xml version="1.0" encoding="UTF-8" ?>
<testsuite tests="1" failures="0" name="org.example.AppTest" time="0.002" errors="0" skipped="0">
  <properties>
    <property name="java.runtime.name" value="Java(TM) SE Runtime Environment"/>
    <property name="sun.boot.library.path" value="G:\Java\jdk1.8.0_111\jre\bin"/>
    <property name="java.vm.version" value="25.111-b14"/>
    <property name="java.vm.vendor" value="Oracle Corporation"/>
    <property name="maven.multiModuleProjectDirectory" value="E:\File\springboot-start-demo\demo-springboot-start"/>
    <property name="java.vendor.url" value="http://java.oracle.com/"/>
    <property name="path.separator" value=";"/>
    <property name="guice.disable.misplaced.annotation.check" value="true"/>
    <property name="java.vm.name" value="Java HotSpot(TM) 64-Bit Server VM"/>
    <property name="file.encoding.pkg" value="sun.io"/>
    <property name="user.script" value=""/>
    <property name="user.country" value="CN"/>
    <property name="sun.java.launcher" value="SUN_STANDARD"/>
    <property name="sun.os.patch.level" value=""/>
    <property name="java.vm.specification.name" value="Java Virtual Machine Specification"/>
    <property name="user.dir" value="E:\File\springboot-start-demo\demo-springboot-start"/>
    <property name="java.runtime.version" value="1.8.0_111-b14"/>
    <property name="java.awt.graphicsenv" value="sun.awt.Win32GraphicsEnvironment"/>
    <property name="java.endorsed.dirs" value="G:\Java\jdk1.8.0_111\jre\lib\endorsed"/>
    <property name="os.arch" value="amd64"/>
    <property name="java.io.tmpdir" value="C:\Users\admin\AppData\Local\Temp\"/>
    <property name="line.separator" value="
"/>
    <property name="java.vm.specification.vendor" value="Oracle Corporation"/>
    <property name="user.variant" value=""/>
    <property name="os.name" value="Windows 10"/>
    <property name="maven.ext.class.path" value="F:\IntelliJ IDEA 2017.2.4\IntelliJ IDEA 2019.2.4\plugins\maven\lib\maven-event-listener.jar"/>
    <property name="classworlds.conf" value="F:\maven\apache-maven-3.5.0\bin\m2.conf"/>
    <property name="sun.jnu.encoding" value="GBK"/>
    <property name="java.library.path" value="G:\Java\jdk1.8.0_111\bin;C:\WINDOWS\Sun\Java\bin;C:\WINDOWS\system32;C:\WINDOWS;C:\WINDOWS\system32;C:\WINDOWS;C:\WINDOWS\System32\Wbem;C:\WINDOWS\System32\WindowsPowerShell\v1.0\;G:\Java\jdk1.8.0_111\bin;G:\Java\jdk1.8.0_111\jre\bin;C:\WINDOWS\System32\OpenSSH\;F:\Git\Git\cmd;C:\Python27;C:\Program Files (x86)\MySQL\MySQL Server 5.5\bin;C:\Program Files\nodejs\;C:\Program Files\nodejs\node_modules;&quot;C:\WINDOWS\system32;C:\WINDOWS;C:\WINDOWS\System32\Wbem;C:\WINDOWS\System32\WindowsPowerShell\v1.0\;G:\Java\jdk1.8.0_111\bin;G:\Java\jdk1.8.0_111\jre\bin;C:\WINDOWS\System32\OpenSSH\;F:\Git\Git\cmd;C:\Python27;C:\Program Files (x86)\MySQL\MySQL Server 5.5\bin;C:\Program Files\nodejs\;C:\Program Files\nodejs\node_modules;&quot;C:\WINDOWS\system32;C:\WINDOWS;C:\WINDOWS\System32\Wbem;C:\WINDOWS\System32\WindowsPowerShell\v1.0\;G:\Java\jdk1.8.0_111\bin;G:\Java\jdk1.8.0_111\jre\bin;C:\WINDOWS\System32\OpenSSH\;F:\Git\Git\cmd;C:\Python27;C:\Program Files (x86)\MySQL\MySQL Server 5.5\bin;C:\Program Files\nodejs\;C:\Program Files\nodejs\node_modules;&quot;C:\WINDOWS\System32;F:\软件解压\plsql 12\instantclient_12_2&quot;;F:\gradle\gradle-4.10.3\bin;F:\11.1\VPN\bin;F:\SVN\bin;F:\hadoop\hadoop-2.6.0\bin;;C:\VPN\bin;C:\VPN\bin;F:\软件解压\plsql 12\instantclient_12_2&quot;;F:\gradle\gradle-4.10.3\bin;F:\11.1\VPN\bin;F:\SVN\bin;F:\hadoop\hadoop-2.6.0\bin;;C:\VPN\bin;C:\VPN\bin;F:\软件解压\plsql 12\instantclient_12_2&quot;;F:\gradle\gradle-4.10.3\bin;F:\11.1\VPN\bin;F:\SVN\bin;F:\hadoop\hadoop-2.6.0\bin;;C:\VPN\bin;C:\VPN\bin;F:\Python37\Scripts\;F:\Python37\;C:\Users\admin\AppData\Local\Microsoft\WindowsApps;F:\maven\apache-maven-3.5.0\bin;C:\Program Files\erl8.3\bin;C:\Users\admin\AppData\Roaming\npm;F:\gradle\gradle-4.10.3\bin;;F:\编程软件\Microsoft VS Code\Microsoft VS Code\bin;."/>
    <property name="maven.conf" value="F:\maven\apache-maven-3.5.0/conf"/>
    <property name="java.specification.name" value="Java Platform API Specification"/>
    <property name="java.class.version" value="52.0"/>
    <property name="sun.management.compiler" value="HotSpot 64-Bit Tiered Compilers"/>
    <property name="os.version" value="10.0"/>
    <property name="library.jansi.path" value="F:\maven\apache-maven-3.5.0\lib\jansi-native\windows64"/>
    <property name="idea.version2019.3.1" value="true"/>
    <property name="user.home" value="C:\Users\admin"/>
    <property name="user.timezone" value="Asia/Shanghai"/>
    <property name="java.awt.printerjob" value="sun.awt.windows.WPrinterJob"/>
    <property name="java.specification.version" value="1.8"/>
    <property name="file.encoding" value="UTF-8"/>
    <property name="user.name" value="admin"/>
    <property name="java.class.path" value="F:\maven\apache-maven-3.5.0\boot\plexus-classworlds-2.5.2.jar;F:\IntelliJ IDEA 2017.2.4\IntelliJ IDEA 2019.2.4\lib\idea_rt.jar"/>
    <property name="java.vm.specification.version" value="1.8"/>
    <property name="sun.arch.data.model" value="64"/>
    <property name="java.home" value="G:\Java\jdk1.8.0_111\jre"/>
    <property name="sun.java.command" value="org.codehaus.classworlds.Launcher -Didea.version2019.3.1 install"/>
    <property name="java.specification.vendor" value="Oracle Corporation"/>
    <property name="user.language" value="zh"/>
    <property name="awt.toolkit" value="sun.awt.windows.WToolkit"/>
    <property name="java.vm.info" value="mixed mode"/>
    <property name="java.version" value="1.8.0_111"/>
    <property name="java.ext.dirs" value="G:\Java\jdk1.8.0_111\jre\lib\ext;C:\WINDOWS\Sun\Java\lib\ext"/>
    <property name="sun.boot.class.path" value="G:\Java\jdk1.8.0_111\jre\lib\resources.jar;G:\Java\jdk1.8.0_111\jre\lib\rt.jar;G:\Java\jdk1.8.0_111\jre\lib\sunrsasign.jar;G:\Java\jdk1.8.0_111\jre\lib\jsse.jar;G:\Java\jdk1.8.0_111\jre\lib\jce.jar;G:\Java\jdk1.8.0_111\jre\lib\charsets.jar;G:\Java\jdk1.8.0_111\jre\lib\jfr.jar;G:\Java\jdk1.8.0_111\jre\classes"/>
    <property name="java.vendor" value="Oracle Corporation"/>
    <property name="maven.home" value="F:\maven\apache-maven-3.5.0"/>
    <property name="file.separator" value="\"/>
    <property name="java.vendor.url.bug" value="http://bugreport.sun.com/bugreport/"/>
    <property name="sun.cpu.endian" value="little"/>
    <property name="sun.io.unicode.encoding" value="UnicodeLittle"/>
    <property name="sun.desktop" value="windows"/>
    <property name="sun.cpu.isalist" value="amd64"/>
  </properties>
  <testcase classname="org.example.AppTest" name="shouldAnswerWithTrue" time="0.002"/>
</testsuite>